Arguments: 
  /Users/utkarshkapil/.nvm/versions/node/v16.13.2/bin/node /opt/homebrew/bin/yarn install

PATH: 
  /Users/utkarshkapil/Library/pnpm:/Users/utkarshkapil/.nvm/versions/node/v16.13.2/bin:/opt/homebrew/bin:/usr/local/bin:/System/Cryptexes/App/usr/bin:/usr/bin:/bin:/usr/sbin:/sbin:/Applications/Docker.app/Contents/Resources/bin/

Yarn version: 
  1.22.19

Node version: 
  16.13.2

Platform: 
  darwin arm64

Trace: 
  Error: ENOENT: no such file or directory, copyfile '/Users/utkarshkapil/Library/Caches/Yarn/v6/npm-prettier-1.19.1-f7d7f5ff8a9cd872a7be4ca142095956a60797cb-integrity/node_modules/prettier/bin-prettier.js' -> '/Users/utkarshkapil/Desktop/BoT/node_modules/cz-emoji/node_modules/prettier/bin-prettier.js'

npm manifest: 
  {
    "version": "2.18.4",
    "name": "typebot-os",
    "private": true,
    "license": "AGPL-3.0-or-later",
    "scripts": {
      "prepare": "husky install",
      "docker:up": "docker compose -f docker-compose.dev.yml up -d && sleep 5",
      "docker:nuke": "docker compose -f docker-compose.dev.yml down --volumes --remove-orphans",
      "lint": "turbo run lint",
      "dev": "pnpm docker:up && turbo build --filter=@typebot.io/nextjs... && turbo run dev --filter=builder... --filter=viewer... --parallel --no-cache",
      "build": "pnpm docker:up && turbo run build",
      "build:apps": "turbo run build --filter=builder... --filter=viewer...",
      "db:migrate": "cd packages/prisma && pnpm run db:migrate",
      "generate-change-log": "git fetch --all && pnpx gitmoji-changelog"
    },
    "devDependencies": {
      "cross-env": "7.0.3",
      "cz-emoji": "1.3.2-canary.2",
      "husky": "^8.0.3",
      "prettier": "2.8.8",
      "turbo": "1.10.12"
    },
    "config": {
      "commitizen": {
        "path": "node_modules/cz-emoji"
      }
    },
    "packageManager": "pnpm@8.6.12"
  }

yarn manifest: 
  No manifest

Lockfile: 
  No lockfile
